2026-06-01 16:23:37.160 [info] [main] Log level: Info
2026-06-01 16:23:37.160 [info] [main] Validating found git in: "git"
2026-06-01 16:23:37.160 [info] [main] Using git "2.54.0" from "git"
2026-06-01 16:23:37.160 [info] [Model][doInitialScan] Initial repository scan started
2026-06-01 16:23:37.160 [info] [Model][doInitialScan] Initial repository scan completed - repositories (0), closed repositories (0), parent repositories (0), unsafe repositories (0)
2026-06-01 16:41:05.718 [info] [main] Log level: Info
2026-06-01 16:41:05.718 [info] [main] Validating found git in: "git"
2026-06-01 16:41:05.718 [info] [main] Using git "2.54.0" from "git"
2026-06-01 16:41:05.718 [info] [Model][doInitialScan] Initial repository scan started
2026-06-01 16:41:05.718 [info] > git rev-parse --show-toplevel [4ms]
2026-06-01 16:41:05.729 [info] > git rev-parse --git-dir --git-common-dir --show-superproject-working-tree [5ms]
2026-06-01 16:41:05.779 [info] [Model][openRepository] Opened repository (path): /home/bacen/Documents/obsidian/03_quick_notes/PyPDFForm
2026-06-01 16:41:05.779 [info] [Model][openRepository] Opened repository (real path): /home/bacen/Documents/obsidian/03_quick_notes/PyPDFForm
2026-06-01 16:41:05.779 [info] [Model][openRepository] Opened repository (kind): repository
2026-06-01 16:41:05.798 [info] > git config --get commit.template [8ms]
2026-06-01 16:41:05.798 [info] > git config --get --local core.virtualfilesystem [13ms]
2026-06-01 16:41:05.798 [warning] [Git][config] git config failed: Failed to execute git
2026-06-01 16:41:05.801 [info] > git rev-parse --show-toplevel [5ms]
2026-06-01 16:41:05.812 [info] > git for-each-ref --format=%(refname)%00%(upstream:short)%00%(objectname)%00%(upstream:track)%00%(upstream:remotename)%00%(upstream:remoteref) refs/heads/master refs/remotes/master [4ms]
2026-06-01 16:41:05.816 [warning] [Git][revParse] Unable to read file: ENOENT: no such file or directory, open '/home/bacen/Documents/obsidian/03_quick_notes/PyPDFForm/.git/refs/remotes/origin/master'
2026-06-01 16:41:05.817 [info] > git rev-parse --show-toplevel [6ms]
2026-06-01 16:41:05.821 [info] > git rev-parse refs/remotes/origin/master [5ms]
2026-06-01 16:41:05.830 [info] > git rev-parse --show-toplevel [9ms]
2026-06-01 16:41:05.834 [info] > git rev-parse --show-toplevel [1ms]
2026-06-01 16:41:05.838 [info] > git for-each-ref --sort -committerdate --format %(refname)%00%(objectname)%00%(*objectname) [9ms]
2026-06-01 16:41:05.840 [info] > git rev-parse --show-toplevel [2ms]
2026-06-01 16:41:05.846 [info] > git rev-parse --show-toplevel [1ms]
2026-06-01 16:41:05.851 [info] > git rev-parse --show-toplevel [1ms]
2026-06-01 16:41:05.854 [info] > git rev-parse --show-toplevel [0ms]
2026-06-01 16:41:05.859 [info] > git rev-parse --show-toplevel [2ms]
2026-06-01 16:41:05.863 [info] > git rev-parse --show-toplevel [1ms]
2026-06-01 16:41:05.868 [info] > git rev-parse --show-toplevel [1ms]
2026-06-01 16:41:05.871 [info] [Model][doInitialScan] Initial repository scan completed - repositories (1), closed repositories (0), parent repositories (0), unsafe repositories (0)
2026-06-01 16:41:06.106 [info] > git status -z -uall [281ms]
2026-06-01 16:41:06.130 [info] > git for-each-ref --format=%(refname)%00%(upstream:short)%00%(objectname)%00%(upstream:track)%00%(upstream:remotename)%00%(upstream:remoteref) refs/heads/master refs/remotes/master [4ms]
2026-06-01 16:41:06.134 [info] > git config --get commit.template [4ms]
2026-06-01 16:41:06.135 [info] > git config --get --local branch.master.vscode-merge-base [2ms]
2026-06-01 16:41:06.135 [warning] [Git][config] git config failed: Failed to execute git
2026-06-01 16:41:06.143 [info] > git reflog master --grep-reflog=branch: Created from *. [4ms]
2026-06-01 16:41:06.146 [info] > git for-each-ref --format=%(refname)%00%(upstream:short)%00%(objectname)%00%(upstream:track)%00%(upstream:remotename)%00%(upstream:remoteref) refs/heads/master refs/remotes/master [5ms]
2026-06-01 16:41:06.148 [warning] [Git][revParse] Unable to read file: ENOENT: no such file or directory, open '/home/bacen/Documents/obsidian/03_quick_notes/PyPDFForm/.git/refs/remotes/origin/master'
2026-06-01 16:41:06.149 [info] > git symbolic-ref --short refs/remotes/origin/HEAD [4ms]
2026-06-01 16:41:06.151 [info] > git rev-parse refs/remotes/origin/master [3ms]
2026-06-01 16:41:06.158 [info] > git for-each-ref --format=%(refname)%00%(upstream:short)%00%(objectname)%00%(upstream:track)%00%(upstream:remotename)%00%(upstream:remoteref) refs/heads/origin/master refs/remotes/origin/master [7ms]
2026-06-01 16:41:06.163 [info] > git config --add --local branch.master.vscode-merge-base origin/master [2ms]
2026-06-01 16:41:06.164 [info] > git for-each-ref --sort -committerdate --format %(refname)%00%(objectname)%00%(*objectname) [7ms] (cancelled)
2026-06-01 16:41:06.170 [info] > git status -z -uall [16ms] (cancelled)
2026-06-01 16:41:06.171 [info] > git config --get commit.template [2ms]
2026-06-01 16:41:06.176 [info] > git for-each-ref --format=%(refname)%00%(upstream:short)%00%(objectname)%00%(upstream:track)%00%(upstream:remotename)%00%(upstream:remoteref) refs/heads/master refs/remotes/master [2ms]
2026-06-01 16:41:06.180 [warning] [Git][revParse] Unable to read file: ENOENT: no such file or directory, open '/home/bacen/Documents/obsidian/03_quick_notes/PyPDFForm/.git/refs/remotes/origin/master'
2026-06-01 16:41:06.181 [info] > git rev-parse refs/remotes/origin/master [1ms]
2026-06-01 16:41:06.191 [info] > git for-each-ref --sort -committerdate --format %(refname)%00%(objectname)%00%(*objectname) [4ms]
2026-06-01 16:41:06.298 [info] > git check-ignore -v -z --stdin [1ms]
2026-06-01 16:41:06.446 [info] > git status -z -uall [263ms]
2026-06-01 16:41:06.462 [info] > git merge-base refs/heads/master refs/remotes/origin/master [9ms]
2026-06-01 16:41:06.466 [info] > git merge-base refs/heads/master refs/remotes/origin/master [8ms]
2026-06-01 16:41:06.470 [info] > git diff --raw --numstat --diff-filter=ADMR -z --find-renames=50% a128a8210f94b1d2167a7e4ce60f678cc2058591...refs/remotes/origin/master -- [5ms]
2026-06-01 16:41:06.472 [info] > git diff --raw --numstat --diff-filter=ADMR -z --find-renames=50% a128a8210f94b1d2167a7e4ce60f678cc2058591...refs/remotes/origin/master -- [2ms]
2026-06-01 16:42:13.420 [info] > git check-ignore -v -z --stdin [1ms]
2026-06-01 16:42:13.456 [info] > git show --textconv :scripts/diff_widget.py [7ms]
2026-06-01 16:42:13.458 [info] > git ls-files --stage -- scripts/diff_widget.py [3ms]
2026-06-01 16:42:13.466 [info] > git cat-file -s 8c8f019e5a45fe52870357e254188a22847f1ab5 [2ms]
2026-06-01 16:42:13.752 [info] > git check-ignore -v -z --stdin [2ms]
2026-06-01 16:42:13.997 [info] > git check-ignore -v -z --stdin [1ms]
2026-06-01 16:42:14.030 [info] > git blame --root --incremental a128a8210f94b1d2167a7e4ce60f678cc2058591 -- scripts/diff_widget.py [15ms]
2026-06-01 16:42:14.516 [info] > git check-ignore -v -z --stdin [1ms]
2026-06-01 16:43:17.061 [info] > git check-ignore -v -z --stdin [2ms]
2026-06-01 16:43:17.072 [info] > git show --textconv :scripts/create_pdf_diff.py [4ms]
2026-06-01 16:43:17.074 [info] > git ls-files --stage -- scripts/create_pdf_diff.py [2ms]
2026-06-01 16:43:17.080 [info] > git cat-file -s 8a933df4e81c6ec0210cf749162841be7c4b4e43 [1ms]
2026-06-01 16:43:17.329 [info] > git blame --root --incremental a128a8210f94b1d2167a7e4ce60f678cc2058591 -- scripts/create_pdf_diff.py [22ms]
2026-06-01 16:44:07.999 [info] > git check-ignore -v -z --stdin [1ms]
2026-06-01 16:44:08.928 [info] > git check-ignore -v -z --stdin [2ms]
2026-06-01 16:44:21.670 [info] > git check-ignore -v -z --stdin [1ms]
2026-06-01 16:44:21.691 [info] > git show --textconv :scripts/create_pdf_diff.py [7ms]
2026-06-01 16:44:21.692 [info] > git ls-files --stage -- scripts/create_pdf_diff.py [2ms]
2026-06-01 16:44:21.699 [info] > git cat-file -s 8a933df4e81c6ec0210cf749162841be7c4b4e43 [4ms]
