2026-06-01 16:23:36.576 [info] Extension host with pid 28193 started
2026-06-01 16:23:36.790 [info] ExtensionService#_doActivateExtension vscode.github-authentication, startup: false, activationEvent: 'onAuthenticationRequest:github'
2026-06-01 16:23:36.828 [info] ExtensionService#_doActivateExtension vscode.emmet, startup: false, activationEvent: 'onLanguage'
2026-06-01 16:23:36.954 [info] ExtensionService#_doActivateExtension vscode.git-base, startup: true, activationEvent: '*', root cause: vscode.git
2026-06-01 16:23:36.963 [info] ExtensionService#_doActivateExtension vscode.git, startup: true, activationEvent: '*'
2026-06-01 16:23:37.041 [info] ExtensionService#_doActivateExtension vscode.github, startup: true, activationEvent: '*'
2026-06-01 16:23:37.145 [info] Eager extensions activated
2026-06-01 16:23:37.185 [info] ExtensionService#_doActivateExtension vscode.debug-auto-launch, startup: false, activationEvent: 'onStartupFinished'
2026-06-01 16:23:37.186 [info] ExtensionService#_doActivateExtension vscode.merge-conflict, startup: false, activationEvent: 'onStartupFinished'
2026-06-01 16:41:01.186 [info] Extension host terminating: received terminate message from renderer
2026-06-01 16:41:01.209 [info] Extension host with pid 28193 exiting with code 0
2026-06-01 16:41:02.655 [info] Extension host with pid 36682 started
2026-06-01 16:41:02.655 [info] Skipping acquiring lock for /home/bacen/.config/Code/User/workspaceStorage/713c1ecfa8c7c6abc429ca1524018781.
2026-06-01 16:41:02.704 [info] ExtensionService#_doActivateExtension vscode.github-authentication, startup: false, activationEvent: 'onAuthenticationRequest:github'
2026-06-01 16:41:02.733 [info] ExtensionService#_doActivateExtension vscode.emmet, startup: false, activationEvent: 'onLanguage'
2026-06-01 16:41:02.815 [info] ExtensionService#_doActivateExtension vscode.git-base, startup: true, activationEvent: '*'
2026-06-01 16:41:02.828 [info] ExtensionService#_doActivateExtension vscode.github, startup: true, activationEvent: '*'
2026-06-01 16:41:02.884 [info] Eager extensions activated
2026-06-01 16:41:02.926 [info] ExtensionService#_doActivateExtension vscode.debug-auto-launch, startup: false, activationEvent: 'onStartupFinished'
2026-06-01 16:41:02.931 [info] ExtensionService#_doActivateExtension vscode.merge-conflict, startup: false, activationEvent: 'onStartupFinished'
2026-06-01 16:41:05.587 [info] ExtensionService#_doActivateExtension vscode.git, startup: false, activationEvent: 'api', root cause: vscode.github
2026-06-01 16:43:02.781 [info] ExtensionService#_doActivateExtension vscodevim.vim, startup: false, activationEvent: 'onStartupFinished'
2026-06-01 16:43:03.958 [error] Error: ENOENT: no such file or directory, open '/home/bacen/.config/Code/User/globalStorage/vscodevim.vim/.registers'
2026-06-01 16:44:33.878 [info] ExtensionService#_doActivateExtension vscode.configuration-editing, startup: false, activationEvent: 'onLanguage:jsonc'
2026-06-01 16:44:33.887 [info] ExtensionService#_doActivateExtension vscode.json-language-features, startup: false, activationEvent: 'onLanguage:jsonc'
2026-06-01 16:44:33.975 [info] ExtensionService#_doActivateExtension vscode.typescript-language-features, startup: false, activationEvent: 'onLanguage:jsonc'
2026-06-01 16:44:55.718 [warning] TextEditor is closed/disposed
2026-06-01 16:44:55.718 [warning] TextEditor is closed/disposed
2026-06-01 16:44:55.739 [warning] ExtHostTextEditorOptions 'setCursorStyle' failed:'
2026-06-01 16:44:55.740 [warning] Illegal argument: TextEditor(vs.editor.ICodeEditor:5,$model11)
2026-06-02 09:14:34.218 [info] Extension host terminating: renderer closed the MessagePort
2026-06-02 09:14:34.342 [info] Extension host with pid 36682 exiting with code 0
