2026-06-01 16:23:36.960 [info] Reading sessions from keychain...
2026-06-01 16:23:36.961 [info] Getting sessions for all scopes...
2026-06-01 16:23:36.961 [info] Got 0 sessions for ...
2026-06-01 16:23:36.961 [info] Getting sessions for all scopes...
2026-06-01 16:23:36.961 [info] Got 0 sessions for ...
2026-06-01 16:23:36.961 [info] Getting sessions for all scopes...
2026-06-01 16:23:36.961 [info] Got 0 sessions for ...
2026-06-01 16:23:36.962 [info] Getting sessions for all scopes...
2026-06-01 16:23:36.962 [info] Got 0 sessions for ...
2026-06-01 16:23:38.259 [info] Getting sessions for all scopes...
2026-06-01 16:23:38.259 [info] Got 0 sessions for ...
2026-06-01 16:41:02.798 [info] Reading sessions from keychain...
2026-06-01 16:41:02.798 [info] Getting sessions for all scopes...
2026-06-01 16:41:02.798 [info] Got 0 sessions for ...
2026-06-01 16:41:02.798 [info] Getting sessions for all scopes...
2026-06-01 16:41:02.798 [info] Got 0 sessions for ...
2026-06-01 16:41:02.821 [info] Getting sessions for all scopes...
2026-06-01 16:41:02.821 [info] Got 0 sessions for ...
2026-06-01 16:41:02.826 [info] Getting sessions for all scopes...
2026-06-01 16:41:02.826 [info] Got 0 sessions for ...
2026-06-01 16:41:04.449 [info] Getting sessions for all scopes...
2026-06-01 16:41:04.449 [info] Got 0 sessions for ...
2026-06-01 16:41:06.139 [info] Getting sessions for read:user,repo,user:email,workflow...
2026-06-01 16:41:06.139 [info] Got 0 sessions for read:user,repo,user:email,workflow...
